<?xml version="1.0" encoding="UTF-8"?>
<!-- Generated by org.testng.reporters.JUnitXMLReporter -->
<testsuite hostname="raelx" ignored="0" name="Default test" tests="5" failures="0" timestamp="16 oct 2018 17:48:18 GMT" time="2.965" errors="0">
  <testcase name="addInsumo" time="2.162" classname="com.automation.tests.services.InsumoTest"/>
  <testcase name="deleteInsumo" time="0.063" classname="com.automation.tests.services.InsumoTest"/>
  <testcase name="getAll" time="0.103" classname="com.automation.tests.services.InsumoTest"/>
  <testcase name="getByIdUsingPathParam" time="0.056" classname="com.automation.tests.services.InsumoTest"/>
  <testcase name="getByIdUsingQueryParam" time="0.06" classname="com.automation.tests.services.InsumoTest"/>
</testsuite> <!-- Default test -->
