<?xml version="1.0" encoding="UTF-8"?>
<!-- Generated by org.testng.reporters.JUnitXMLReporter -->
<testsuite hostname="raelx" ignored="0" name="Default test" tests="5" failures="0" timestamp="15 oct 2018 20:10:26 GMT" time="2.772" errors="0">
  <testcase name="addProduct" time="1.953" classname="com.automation.tests.services.InsumoTest"/>
  <testcase name="deleteProduct" time="0.064" classname="com.automation.tests.services.InsumoTest"/>
  <testcase name="getAll" time="0.1" classname="com.automation.tests.services.InsumoTest"/>
  <testcase name="getByIdUsingPathParam" time="0.056" classname="com.automation.tests.services.InsumoTest"/>
  <testcase name="getByIdUsingQueryParam" time="0.063" classname="com.automation.tests.services.InsumoTest"/>
</testsuite> <!-- Default test -->
